{"/Users/telephant/self/videojs-vtt-snapshot/src/index.ts": {"path":"/Users/telephant/self/videojs-vtt-snapshot/src/index.ts","all":false,"statementMap":{"0":{"start":{"line":1,"column":0},"end":{"line":1,"column":34}},"1":{"start":{"line":2,"column":0},"end":{"line":2,"column":31}},"2":{"start":{"line":3,"column":0},"end":{"line":3,"column":0}},"3":{"start":{"line":4,"column":0},"end":{"line":4,"column":53}},"4":{"start":{"line":5,"column":0},"end":{"line":5,"column":60}},"5":{"start":{"line":6,"column":0},"end":{"line":6,"column":61}},"6":{"start":{"line":7,"column":0},"end":{"line":7,"column":0}},"7":{"start":{"line":8,"column":0},"end":{"line":8,"column":60}},"8":{"start":{"line":9,"column":0},"end":{"line":9,"column":25}},"9":{"start":{"line":10,"column":0},"end":{"line":10,"column":25}},"10":{"start":{"line":11,"column":0},"end":{"line":11,"column":39}},"11":{"start":{"line":12,"column":0},"end":{"line":12,"column":0}},"12":{"start":{"line":13,"column":0},"end":{"line":13,"column":67}},"13":{"start":{"line":14,"column":0},"end":{"line":14,"column":25}},"14":{"start":{"line":15,"column":0},"end":{"line":15,"column":60}},"15":{"start":{"line":16,"column":0},"end":{"line":16,"column":3}},"16":{"start":{"line":17,"column":0},"end":{"line":17,"column":0}},"17":{"start":{"line":18,"column":0},"end":{"line":18,"column":11}},"18":{"start":{"line":19,"column":0},"end":{"line":19,"column":33}},"19":{"start":{"line":20,"column":0},"end":{"line":20,"column":3}},"20":{"start":{"line":21,"column":0},"end":{"line":21,"column":0}},"21":{"start":{"line":22,"column":0},"end":{"line":22,"column":13}},"22":{"start":{"line":23,"column":0},"end":{"line":23,"column":24}},"23":{"start":{"line":24,"column":0},"end":{"line":24,"column":30}},"24":{"start":{"line":25,"column":0},"end":{"line":25,"column":5}},"25":{"start":{"line":26,"column":0},"end":{"line":26,"column":3}},"26":{"start":{"line":27,"column":0},"end":{"line":27,"column":1}},"27":{"start":{"line":28,"column":0},"end":{"line":28,"column":0}},"28":{"start":{"line":29,"column":0},"end":{"line":29,"column":39}},"29":{"start":{"line":30,"column":0},"end":{"line":30,"column":73}},"30":{"start":{"line":31,"column":0},"end":{"line":31,"column":0}},"31":{"start":{"line":32,"column":0},"end":{"line":32,"column":31}},"32":{"start":{"line":33,"column":0},"end":{"line":33,"column":78}},"33":{"start":{"line":34,"column":0},"end":{"line":34,"column":46}},"34":{"start":{"line":35,"column":0},"end":{"line":35,"column":1}},"35":{"start":{"line":36,"column":0},"end":{"line":36,"column":0}},"36":{"start":{"line":37,"column":0},"end":{"line":37,"column":36}},"37":{"start":{"line":38,"column":0},"end":{"line":38,"column":49}},"38":{"start":{"line":39,"column":0},"end":{"line":39,"column":0}},"39":{"start":{"line":40,"column":0},"end":{"line":40,"column":29}},"40":{"start":{"line":41,"column":0},"end":{"line":41,"column":16}},"41":{"start":{"line":42,"column":0},"end":{"line":42,"column":20}},"42":{"start":{"line":43,"column":0},"end":{"line":43,"column":17}},"43":{"start":{"line":44,"column":0},"end":{"line":44,"column":3}},"44":{"start":{"line":45,"column":0},"end":{"line":45,"column":1}},"45":{"start":{"line":46,"column":0},"end":{"line":46,"column":0}},"46":{"start":{"line":47,"column":0},"end":{"line":47,"column":54}},"47":{"start":{"line":48,"column":0},"end":{"line":48,"column":41}},"48":{"start":{"line":49,"column":0},"end":{"line":49,"column":50}},"49":{"start":{"line":50,"column":0},"end":{"line":50,"column":69}},"50":{"start":{"line":51,"column":0},"end":{"line":51,"column":3}},"51":{"start":{"line":52,"column":0},"end":{"line":52,"column":1}},"52":{"start":{"line":53,"column":0},"end":{"line":53,"column":0}},"53":{"start":{"line":54,"column":0},"end":{"line":54,"column":33}},"54":{"start":{"line":55,"column":0},"end":{"line":55,"column":30}}},"s":{"0":1,"1":1,"2":1,"3":1,"4":1,"5":1,"6":1,"7":1,"8":1,"9":1,"10":1,"11":1,"12":1,"13":0,"14":0,"15":0,"16":1,"17":1,"18":0,"19":0,"20":1,"21":1,"22":0,"23":0,"24":0,"25":0,"26":1,"27":1,"28":1,"29":1,"30":1,"31":1,"32":0,"33":0,"34":0,"35":1,"36":1,"37":1,"38":1,"39":1,"40":1,"41":1,"42":1,"43":1,"44":1,"45":1,"46":1,"47":0,"48":0,"49":0,"50":0,"51":0,"52":1,"53":1,"54":1},"branchMap":{"0":{"type":"branch","line":30,"loc":{"start":{"line":30,"column":31},"end":{"line":30,"column":73}},"locations":[{"start":{"line":30,"column":31},"end":{"line":30,"column":73}}]},"1":{"type":"branch","line":47,"loc":{"start":{"line":47,"column":53},"end":{"line":52,"column":1}},"locations":[{"start":{"line":47,"column":53},"end":{"line":52,"column":1}}]}},"b":{"0":[0],"1":[0]},"fnMap":{"0":{"name":"VttSnapshotPlugin","decl":{"start":{"line":13,"column":2},"end":{"line":16,"column":3}},"loc":{"start":{"line":13,"column":2},"end":{"line":16,"column":3}},"line":13},"1":{"name":"ready","decl":{"start":{"line":18,"column":2},"end":{"line":20,"column":3}},"loc":{"start":{"line":18,"column":2},"end":{"line":20,"column":3}},"line":18},"2":{"name":"dispose","decl":{"start":{"line":22,"column":2},"end":{"line":26,"column":3}},"loc":{"start":{"line":22,"column":2},"end":{"line":26,"column":3}},"line":22},"3":{"name":"vttSnapshotPlugin","decl":{"start":{"line":33,"column":0},"end":{"line":35,"column":1}},"loc":{"start":{"line":33,"column":0},"end":{"line":35,"column":1}},"line":33}},"f":{"0":0,"1":0,"2":0,"3":0}}
,"/Users/telephant/self/videojs-vtt-snapshot/src/videojs-vtt-snapshot.ts": {"path":"/Users/telephant/self/videojs-vtt-snapshot/src/videojs-vtt-snapshot.ts","all":false,"statementMap":{"0":{"start":{"line":1,"column":0},"end":{"line":1,"column":53}},"1":{"start":{"line":2,"column":0},"end":{"line":2,"column":75}},"2":{"start":{"line":3,"column":0},"end":{"line":3,"column":0}},"3":{"start":{"line":4,"column":0},"end":{"line":4,"column":26}},"4":{"start":{"line":5,"column":0},"end":{"line":5,"column":24}},"5":{"start":{"line":6,"column":0},"end":{"line":6,"column":51}},"6":{"start":{"line":7,"column":0},"end":{"line":7,"column":1}},"7":{"start":{"line":8,"column":0},"end":{"line":8,"column":0}},"8":{"start":{"line":9,"column":0},"end":{"line":9,"column":34}},"9":{"start":{"line":10,"column":0},"end":{"line":10,"column":24}},"10":{"start":{"line":11,"column":0},"end":{"line":11,"column":68}},"11":{"start":{"line":12,"column":0},"end":{"line":12,"column":26}},"12":{"start":{"line":13,"column":0},"end":{"line":13,"column":1}},"13":{"start":{"line":14,"column":0},"end":{"line":14,"column":0}},"14":{"start":{"line":15,"column":0},"end":{"line":15,"column":29}},"15":{"start":{"line":16,"column":0},"end":{"line":16,"column":42}},"16":{"start":{"line":17,"column":0},"end":{"line":17,"column":1}},"17":{"start":{"line":18,"column":0},"end":{"line":18,"column":0}},"18":{"start":{"line":19,"column":0},"end":{"line":19,"column":18}},"19":{"start":{"line":20,"column":0},"end":{"line":20,"column":20}},"20":{"start":{"line":21,"column":0},"end":{"line":21,"column":18}},"21":{"start":{"line":22,"column":0},"end":{"line":22,"column":15}},"22":{"start":{"line":23,"column":0},"end":{"line":23,"column":1}},"23":{"start":{"line":24,"column":0},"end":{"line":24,"column":0}},"24":{"start":{"line":25,"column":0},"end":{"line":25,"column":3}},"25":{"start":{"line":26,"column":0},"end":{"line":26,"column":95}},"26":{"start":{"line":27,"column":0},"end":{"line":27,"column":3}},"27":{"start":{"line":28,"column":0},"end":{"line":28,"column":33}},"28":{"start":{"line":29,"column":0},"end":{"line":29,"column":25}},"29":{"start":{"line":30,"column":0},"end":{"line":30,"column":45}},"30":{"start":{"line":31,"column":0},"end":{"line":31,"column":30}},"31":{"start":{"line":32,"column":0},"end":{"line":32,"column":53}},"32":{"start":{"line":33,"column":0},"end":{"line":33,"column":37}},"33":{"start":{"line":34,"column":0},"end":{"line":34,"column":43}},"34":{"start":{"line":35,"column":0},"end":{"line":35,"column":80}},"35":{"start":{"line":36,"column":0},"end":{"line":36,"column":0}},"36":{"start":{"line":37,"column":0},"end":{"line":37,"column":67}},"37":{"start":{"line":38,"column":0},"end":{"line":38,"column":25}},"38":{"start":{"line":39,"column":0},"end":{"line":39,"column":27}},"39":{"start":{"line":40,"column":0},"end":{"line":40,"column":41}},"40":{"start":{"line":41,"column":0},"end":{"line":41,"column":3}},"41":{"start":{"line":42,"column":0},"end":{"line":42,"column":0}},"42":{"start":{"line":43,"column":0},"end":{"line":43,"column":39}},"43":{"start":{"line":44,"column":0},"end":{"line":44,"column":28}},"44":{"start":{"line":45,"column":0},"end":{"line":45,"column":3}},"45":{"start":{"line":46,"column":0},"end":{"line":46,"column":0}},"46":{"start":{"line":47,"column":0},"end":{"line":47,"column":45}},"47":{"start":{"line":48,"column":0},"end":{"line":48,"column":9}},"48":{"start":{"line":49,"column":0},"end":{"line":49,"column":33}},"49":{"start":{"line":50,"column":0},"end":{"line":50,"column":56}},"50":{"start":{"line":51,"column":0},"end":{"line":51,"column":25}},"51":{"start":{"line":52,"column":0},"end":{"line":52,"column":75}},"52":{"start":{"line":53,"column":0},"end":{"line":53,"column":7}},"53":{"start":{"line":54,"column":0},"end":{"line":54,"column":0}},"54":{"start":{"line":55,"column":0},"end":{"line":55,"column":44}},"55":{"start":{"line":56,"column":0},"end":{"line":56,"column":29}},"56":{"start":{"line":57,"column":0},"end":{"line":57,"column":0}},"57":{"start":{"line":58,"column":0},"end":{"line":58,"column":32}},"58":{"start":{"line":59,"column":0},"end":{"line":59,"column":59}},"59":{"start":{"line":60,"column":0},"end":{"line":60,"column":88}},"60":{"start":{"line":61,"column":0},"end":{"line":61,"column":6}},"61":{"start":{"line":62,"column":0},"end":{"line":62,"column":39}},"62":{"start":{"line":63,"column":0},"end":{"line":63,"column":78}},"63":{"start":{"line":64,"column":0},"end":{"line":64,"column":7}},"64":{"start":{"line":65,"column":0},"end":{"line":65,"column":6}},"65":{"start":{"line":66,"column":0},"end":{"line":66,"column":40}},"66":{"start":{"line":67,"column":0},"end":{"line":67,"column":28}},"67":{"start":{"line":68,"column":0},"end":{"line":68,"column":0}},"68":{"start":{"line":69,"column":0},"end":{"line":69,"column":47}},"69":{"start":{"line":70,"column":0},"end":{"line":70,"column":54}},"70":{"start":{"line":71,"column":0},"end":{"line":71,"column":29}},"71":{"start":{"line":72,"column":0},"end":{"line":72,"column":78}},"72":{"start":{"line":73,"column":0},"end":{"line":73,"column":34}},"73":{"start":{"line":74,"column":0},"end":{"line":74,"column":31}},"74":{"start":{"line":75,"column":0},"end":{"line":75,"column":9}},"75":{"start":{"line":76,"column":0},"end":{"line":76,"column":8}},"76":{"start":{"line":77,"column":0},"end":{"line":77,"column":36}},"77":{"start":{"line":78,"column":0},"end":{"line":78,"column":49}},"78":{"start":{"line":79,"column":0},"end":{"line":79,"column":6}},"79":{"start":{"line":80,"column":0},"end":{"line":80,"column":32}},"80":{"start":{"line":81,"column":0},"end":{"line":81,"column":26}},"81":{"start":{"line":82,"column":0},"end":{"line":82,"column":0}},"82":{"start":{"line":83,"column":0},"end":{"line":83,"column":35}},"83":{"start":{"line":84,"column":0},"end":{"line":84,"column":38}},"84":{"start":{"line":85,"column":0},"end":{"line":85,"column":21}},"85":{"start":{"line":86,"column":0},"end":{"line":86,"column":63}},"86":{"start":{"line":87,"column":0},"end":{"line":87,"column":54}},"87":{"start":{"line":88,"column":0},"end":{"line":88,"column":5}},"88":{"start":{"line":89,"column":0},"end":{"line":89,"column":3}},"89":{"start":{"line":90,"column":0},"end":{"line":90,"column":0}},"90":{"start":{"line":91,"column":0},"end":{"line":91,"column":43}},"91":{"start":{"line":92,"column":0},"end":{"line":92,"column":32}},"92":{"start":{"line":93,"column":0},"end":{"line":93,"column":38}},"93":{"start":{"line":94,"column":0},"end":{"line":94,"column":50}},"94":{"start":{"line":95,"column":0},"end":{"line":95,"column":0}},"95":{"start":{"line":96,"column":0},"end":{"line":96,"column":30}},"96":{"start":{"line":97,"column":0},"end":{"line":97,"column":14}},"97":{"start":{"line":98,"column":0},"end":{"line":98,"column":30}},"98":{"start":{"line":99,"column":0},"end":{"line":99,"column":35}},"99":{"start":{"line":100,"column":0},"end":{"line":100,"column":0}},"100":{"start":{"line":101,"column":0},"end":{"line":101,"column":40}},"101":{"start":{"line":102,"column":0},"end":{"line":102,"column":24}},"102":{"start":{"line":103,"column":0},"end":{"line":103,"column":105}},"103":{"start":{"line":104,"column":0},"end":{"line":104,"column":47}},"104":{"start":{"line":105,"column":0},"end":{"line":105,"column":9}},"105":{"start":{"line":106,"column":0},"end":{"line":106,"column":26}},"106":{"start":{"line":107,"column":0},"end":{"line":107,"column":8}},"107":{"start":{"line":108,"column":0},"end":{"line":108,"column":28}},"108":{"start":{"line":109,"column":0},"end":{"line":109,"column":38}},"109":{"start":{"line":110,"column":0},"end":{"line":110,"column":99}},"110":{"start":{"line":111,"column":0},"end":{"line":111,"column":56}},"111":{"start":{"line":112,"column":0},"end":{"line":112,"column":7}},"112":{"start":{"line":113,"column":0},"end":{"line":113,"column":23}},"113":{"start":{"line":114,"column":0},"end":{"line":114,"column":28}},"114":{"start":{"line":115,"column":0},"end":{"line":115,"column":31}},"115":{"start":{"line":116,"column":0},"end":{"line":116,"column":7}},"116":{"start":{"line":117,"column":0},"end":{"line":117,"column":10}},"117":{"start":{"line":118,"column":0},"end":{"line":118,"column":5}},"118":{"start":{"line":119,"column":0},"end":{"line":119,"column":3}},"119":{"start":{"line":120,"column":0},"end":{"line":120,"column":0}},"120":{"start":{"line":121,"column":0},"end":{"line":121,"column":53}},"121":{"start":{"line":122,"column":0},"end":{"line":122,"column":39}},"122":{"start":{"line":123,"column":0},"end":{"line":123,"column":51}},"123":{"start":{"line":124,"column":0},"end":{"line":124,"column":53}},"124":{"start":{"line":125,"column":0},"end":{"line":125,"column":51}},"125":{"start":{"line":126,"column":0},"end":{"line":126,"column":0}},"126":{"start":{"line":127,"column":0},"end":{"line":127,"column":49}},"127":{"start":{"line":128,"column":0},"end":{"line":128,"column":3}},"128":{"start":{"line":129,"column":0},"end":{"line":129,"column":0}},"129":{"start":{"line":130,"column":0},"end":{"line":130,"column":44}},"130":{"start":{"line":131,"column":0},"end":{"line":131,"column":46}},"131":{"start":{"line":132,"column":0},"end":{"line":132,"column":76}},"132":{"start":{"line":133,"column":0},"end":{"line":133,"column":45}},"133":{"start":{"line":134,"column":0},"end":{"line":134,"column":0}},"134":{"start":{"line":135,"column":0},"end":{"line":135,"column":55}},"135":{"start":{"line":136,"column":0},"end":{"line":136,"column":62}},"136":{"start":{"line":137,"column":0},"end":{"line":137,"column":0}},"137":{"start":{"line":138,"column":0},"end":{"line":138,"column":69}},"138":{"start":{"line":139,"column":0},"end":{"line":139,"column":71}},"139":{"start":{"line":140,"column":0},"end":{"line":140,"column":3}},"140":{"start":{"line":141,"column":0},"end":{"line":141,"column":0}},"141":{"start":{"line":142,"column":0},"end":{"line":142,"column":83}},"142":{"start":{"line":143,"column":0},"end":{"line":143,"column":22}},"143":{"start":{"line":144,"column":0},"end":{"line":144,"column":47}},"144":{"start":{"line":145,"column":0},"end":{"line":145,"column":46}},"145":{"start":{"line":146,"column":0},"end":{"line":146,"column":29}},"146":{"start":{"line":147,"column":0},"end":{"line":147,"column":67}},"147":{"start":{"line":148,"column":0},"end":{"line":148,"column":3}},"148":{"start":{"line":149,"column":0},"end":{"line":149,"column":0}},"149":{"start":{"line":150,"column":0},"end":{"line":150,"column":52}},"150":{"start":{"line":151,"column":0},"end":{"line":151,"column":76}},"151":{"start":{"line":152,"column":0},"end":{"line":152,"column":45}},"152":{"start":{"line":153,"column":0},"end":{"line":153,"column":0}},"153":{"start":{"line":154,"column":0},"end":{"line":154,"column":55}},"154":{"start":{"line":155,"column":0},"end":{"line":155,"column":62}},"155":{"start":{"line":156,"column":0},"end":{"line":156,"column":0}},"156":{"start":{"line":157,"column":0},"end":{"line":157,"column":65}},"157":{"start":{"line":158,"column":0},"end":{"line":158,"column":4}},"158":{"start":{"line":159,"column":0},"end":{"line":159,"column":35}},"159":{"start":{"line":160,"column":0},"end":{"line":160,"column":45}},"160":{"start":{"line":161,"column":0},"end":{"line":161,"column":0}},"161":{"start":{"line":162,"column":0},"end":{"line":162,"column":54}},"162":{"start":{"line":163,"column":0},"end":{"line":163,"column":35}},"163":{"start":{"line":164,"column":0},"end":{"line":164,"column":75}},"164":{"start":{"line":165,"column":0},"end":{"line":165,"column":5}},"165":{"start":{"line":166,"column":0},"end":{"line":166,"column":3}},"166":{"start":{"line":167,"column":0},"end":{"line":167,"column":0}},"167":{"start":{"line":168,"column":0},"end":{"line":168,"column":34}},"168":{"start":{"line":169,"column":0},"end":{"line":169,"column":29}},"169":{"start":{"line":170,"column":0},"end":{"line":170,"column":27}},"170":{"start":{"line":171,"column":0},"end":{"line":171,"column":0}},"171":{"start":{"line":172,"column":0},"end":{"line":172,"column":45}},"172":{"start":{"line":173,"column":0},"end":{"line":173,"column":37}},"173":{"start":{"line":174,"column":0},"end":{"line":174,"column":0}},"174":{"start":{"line":175,"column":0},"end":{"line":175,"column":51}},"175":{"start":{"line":176,"column":0},"end":{"line":176,"column":76}},"176":{"start":{"line":177,"column":0},"end":{"line":177,"column":45}},"177":{"start":{"line":178,"column":0},"end":{"line":178,"column":0}},"178":{"start":{"line":179,"column":0},"end":{"line":179,"column":55}},"179":{"start":{"line":180,"column":0},"end":{"line":180,"column":62}},"180":{"start":{"line":181,"column":0},"end":{"line":181,"column":4}},"181":{"start":{"line":182,"column":0},"end":{"line":182,"column":63}},"182":{"start":{"line":183,"column":0},"end":{"line":183,"column":44}},"183":{"start":{"line":184,"column":0},"end":{"line":184,"column":53}},"184":{"start":{"line":185,"column":0},"end":{"line":185,"column":44}},"185":{"start":{"line":186,"column":0},"end":{"line":186,"column":41}},"186":{"start":{"line":187,"column":0},"end":{"line":187,"column":4}},"187":{"start":{"line":188,"column":0},"end":{"line":188,"column":27}},"188":{"start":{"line":189,"column":0},"end":{"line":189,"column":54}},"189":{"start":{"line":190,"column":0},"end":{"line":190,"column":4}},"190":{"start":{"line":191,"column":0},"end":{"line":191,"column":21}},"191":{"start":{"line":192,"column":0},"end":{"line":192,"column":57}},"192":{"start":{"line":193,"column":0},"end":{"line":193,"column":32}},"193":{"start":{"line":194,"column":0},"end":{"line":194,"column":24}},"194":{"start":{"line":195,"column":0},"end":{"line":195,"column":12}},"195":{"start":{"line":196,"column":0},"end":{"line":196,"column":17}},"196":{"start":{"line":197,"column":0},"end":{"line":197,"column":8}},"197":{"start":{"line":198,"column":0},"end":{"line":198,"column":0}},"198":{"start":{"line":199,"column":0},"end":{"line":199,"column":74}},"199":{"start":{"line":200,"column":0},"end":{"line":200,"column":40}},"200":{"start":{"line":201,"column":0},"end":{"line":201,"column":63}},"201":{"start":{"line":202,"column":0},"end":{"line":202,"column":27}},"202":{"start":{"line":203,"column":0},"end":{"line":203,"column":30}},"203":{"start":{"line":204,"column":0},"end":{"line":204,"column":9}},"204":{"start":{"line":205,"column":0},"end":{"line":205,"column":7}},"205":{"start":{"line":206,"column":0},"end":{"line":206,"column":0}},"206":{"start":{"line":207,"column":0},"end":{"line":207,"column":46}},"207":{"start":{"line":208,"column":0},"end":{"line":208,"column":0}},"208":{"start":{"line":209,"column":0},"end":{"line":209,"column":42}},"209":{"start":{"line":210,"column":0},"end":{"line":210,"column":33}},"210":{"start":{"line":211,"column":0},"end":{"line":211,"column":35}},"211":{"start":{"line":212,"column":0},"end":{"line":212,"column":7}},"212":{"start":{"line":213,"column":0},"end":{"line":213,"column":12}},"213":{"start":{"line":214,"column":0},"end":{"line":214,"column":26}},"214":{"start":{"line":215,"column":0},"end":{"line":215,"column":5}},"215":{"start":{"line":216,"column":0},"end":{"line":216,"column":3}},"216":{"start":{"line":217,"column":0},"end":{"line":217,"column":0}},"217":{"start":{"line":218,"column":0},"end":{"line":218,"column":55}},"218":{"start":{"line":219,"column":0},"end":{"line":219,"column":39}},"219":{"start":{"line":220,"column":0},"end":{"line":220,"column":0}},"220":{"start":{"line":221,"column":0},"end":{"line":221,"column":44}},"221":{"start":{"line":222,"column":0},"end":{"line":222,"column":31}},"222":{"start":{"line":223,"column":0},"end":{"line":223,"column":0}},"223":{"start":{"line":224,"column":0},"end":{"line":224,"column":34}},"224":{"start":{"line":225,"column":0},"end":{"line":225,"column":56}},"225":{"start":{"line":226,"column":0},"end":{"line":226,"column":19}},"226":{"start":{"line":227,"column":0},"end":{"line":227,"column":7}},"227":{"start":{"line":228,"column":0},"end":{"line":228,"column":5}},"228":{"start":{"line":229,"column":0},"end":{"line":229,"column":0}},"229":{"start":{"line":230,"column":0},"end":{"line":230,"column":28}},"230":{"start":{"line":231,"column":0},"end":{"line":231,"column":34}},"231":{"start":{"line":232,"column":0},"end":{"line":232,"column":87}},"232":{"start":{"line":233,"column":0},"end":{"line":233,"column":0}},"233":{"start":{"line":234,"column":0},"end":{"line":234,"column":48}},"234":{"start":{"line":235,"column":0},"end":{"line":235,"column":31}},"235":{"start":{"line":236,"column":0},"end":{"line":236,"column":58}},"236":{"start":{"line":237,"column":0},"end":{"line":237,"column":50}},"237":{"start":{"line":238,"column":0},"end":{"line":238,"column":6}},"238":{"start":{"line":239,"column":0},"end":{"line":239,"column":35}},"239":{"start":{"line":240,"column":0},"end":{"line":240,"column":31}},"240":{"start":{"line":241,"column":0},"end":{"line":241,"column":25}},"241":{"start":{"line":242,"column":0},"end":{"line":242,"column":7}},"242":{"start":{"line":243,"column":0},"end":{"line":243,"column":5}},"243":{"start":{"line":244,"column":0},"end":{"line":244,"column":22}},"244":{"start":{"line":245,"column":0},"end":{"line":245,"column":3}},"245":{"start":{"line":246,"column":0},"end":{"line":246,"column":0}},"246":{"start":{"line":247,"column":0},"end":{"line":247,"column":36}},"247":{"start":{"line":248,"column":0},"end":{"line":248,"column":41}},"248":{"start":{"line":249,"column":0},"end":{"line":249,"column":35}},"249":{"start":{"line":250,"column":0},"end":{"line":250,"column":44}},"250":{"start":{"line":251,"column":0},"end":{"line":251,"column":29}},"251":{"start":{"line":252,"column":0},"end":{"line":252,"column":5}},"252":{"start":{"line":253,"column":0},"end":{"line":253,"column":31}},"253":{"start":{"line":254,"column":0},"end":{"line":254,"column":24}},"254":{"start":{"line":255,"column":0},"end":{"line":255,"column":31}},"255":{"start":{"line":256,"column":0},"end":{"line":256,"column":29}},"256":{"start":{"line":257,"column":0},"end":{"line":257,"column":5}},"257":{"start":{"line":258,"column":0},"end":{"line":258,"column":3}},"258":{"start":{"line":259,"column":0},"end":{"line":259,"column":0}},"259":{"start":{"line":260,"column":0},"end":{"line":260,"column":94}},"260":{"start":{"line":261,"column":0},"end":{"line":261,"column":45}},"261":{"start":{"line":262,"column":0},"end":{"line":262,"column":25}},"262":{"start":{"line":263,"column":0},"end":{"line":263,"column":84}},"263":{"start":{"line":264,"column":0},"end":{"line":264,"column":4}},"264":{"start":{"line":265,"column":0},"end":{"line":265,"column":18}},"265":{"start":{"line":266,"column":0},"end":{"line":266,"column":22}},"266":{"start":{"line":267,"column":0},"end":{"line":267,"column":22}},"267":{"start":{"line":268,"column":0},"end":{"line":268,"column":24}},"268":{"start":{"line":269,"column":0},"end":{"line":269,"column":22}},"269":{"start":{"line":270,"column":0},"end":{"line":270,"column":7}},"270":{"start":{"line":271,"column":0},"end":{"line":271,"column":3}},"271":{"start":{"line":272,"column":0},"end":{"line":272,"column":0}},"272":{"start":{"line":273,"column":0},"end":{"line":273,"column":87}},"273":{"start":{"line":274,"column":0},"end":{"line":274,"column":38}},"274":{"start":{"line":275,"column":0},"end":{"line":275,"column":0}},"275":{"start":{"line":276,"column":0},"end":{"line":276,"column":36}},"276":{"start":{"line":277,"column":0},"end":{"line":277,"column":70}},"277":{"start":{"line":278,"column":0},"end":{"line":278,"column":59}},"278":{"start":{"line":279,"column":0},"end":{"line":279,"column":4}},"279":{"start":{"line":280,"column":0},"end":{"line":280,"column":38}},"280":{"start":{"line":281,"column":0},"end":{"line":281,"column":47}},"281":{"start":{"line":282,"column":0},"end":{"line":282,"column":23}},"282":{"start":{"line":283,"column":0},"end":{"line":283,"column":27}},"283":{"start":{"line":284,"column":0},"end":{"line":284,"column":27}},"284":{"start":{"line":285,"column":0},"end":{"line":285,"column":72}},"285":{"start":{"line":286,"column":0},"end":{"line":286,"column":27}},"286":{"start":{"line":287,"column":0},"end":{"line":287,"column":28}},"287":{"start":{"line":288,"column":0},"end":{"line":288,"column":42}},"288":{"start":{"line":289,"column":0},"end":{"line":289,"column":54}},"289":{"start":{"line":290,"column":0},"end":{"line":290,"column":36}},"290":{"start":{"line":291,"column":0},"end":{"line":291,"column":28}},"291":{"start":{"line":292,"column":0},"end":{"line":292,"column":7}},"292":{"start":{"line":293,"column":0},"end":{"line":293,"column":3}},"293":{"start":{"line":294,"column":0},"end":{"line":294,"column":0}},"294":{"start":{"line":295,"column":0},"end":{"line":295,"column":32}},"295":{"start":{"line":296,"column":0},"end":{"line":296,"column":31}},"296":{"start":{"line":297,"column":0},"end":{"line":297,"column":50}},"297":{"start":{"line":298,"column":0},"end":{"line":298,"column":5}},"298":{"start":{"line":299,"column":0},"end":{"line":299,"column":3}},"299":{"start":{"line":300,"column":0},"end":{"line":300,"column":0}},"300":{"start":{"line":301,"column":0},"end":{"line":301,"column":47}},"301":{"start":{"line":302,"column":0},"end":{"line":302,"column":73}},"302":{"start":{"line":303,"column":0},"end":{"line":303,"column":45}},"303":{"start":{"line":304,"column":0},"end":{"line":304,"column":54}},"304":{"start":{"line":305,"column":0},"end":{"line":305,"column":42}},"305":{"start":{"line":306,"column":0},"end":{"line":306,"column":4}},"306":{"start":{"line":307,"column":0},"end":{"line":307,"column":20}},"307":{"start":{"line":308,"column":0},"end":{"line":308,"column":52}},"308":{"start":{"line":309,"column":0},"end":{"line":309,"column":39}},"309":{"start":{"line":310,"column":0},"end":{"line":310,"column":3}},"310":{"start":{"line":311,"column":0},"end":{"line":311,"column":0}},"311":{"start":{"line":312,"column":0},"end":{"line":312,"column":40}},"312":{"start":{"line":313,"column":0},"end":{"line":313,"column":19}},"313":{"start":{"line":314,"column":0},"end":{"line":314,"column":66}},"314":{"start":{"line":315,"column":0},"end":{"line":315,"column":72}},"315":{"start":{"line":316,"column":0},"end":{"line":316,"column":5}},"316":{"start":{"line":317,"column":0},"end":{"line":317,"column":3}},"317":{"start":{"line":318,"column":0},"end":{"line":318,"column":1}}},"s":{"0":1,"1":1,"2":1,"3":1,"4":1,"5":1,"6":1,"7":1,"8":1,"9":1,"10":1,"11":1,"12":1,"13":1,"14":1,"15":1,"16":1,"17":1,"18":1,"19":1,"20":1,"21":1,"22":1,"23":1,"24":1,"25":1,"26":1,"27":1,"28":1,"29":1,"30":1,"31":1,"32":1,"33":1,"34":1,"35":1,"36":1,"37":12,"38":12,"39":12,"40":12,"41":1,"42":1,"43":12,"44":12,"45":1,"46":1,"47":12,"48":12,"49":12,"50":12,"51":1,"52":1,"53":11,"54":11,"55":11,"56":11,"57":11,"58":11,"59":11,"60":12,"61":12,"62":1,"63":1,"64":11,"65":11,"66":11,"67":11,"68":11,"69":11,"70":11,"71":11,"72":11,"73":11,"74":11,"75":11,"76":11,"77":11,"78":11,"79":11,"80":11,"81":11,"82":11,"83":11,"84":12,"85":1,"86":1,"87":1,"88":12,"89":1,"90":1,"91":11,"92":11,"93":11,"94":11,"95":11,"96":11,"97":11,"98":100,"99":100,"100":100,"101":100,"102":40,"103":30,"104":30,"105":40,"106":40,"107":60,"108":60,"109":30,"110":30,"111":30,"112":30,"113":30,"114":30,"115":30,"116":100,"117":100,"118":11,"119":1,"120":1,"121":60,"122":60,"123":60,"124":60,"125":60,"126":60,"127":60,"128":1,"129":1,"130":11,"131":11,"132":11,"133":10,"134":10,"135":10,"136":10,"137":10,"138":10,"139":11,"140":1,"141":1,"142":38,"143":38,"144":38,"145":38,"146":38,"147":38,"148":1,"149":1,"150":14,"151":14,"152":14,"153":14,"154":14,"155":14,"156":14,"157":14,"158":14,"159":14,"160":14,"161":14,"162":14,"163":14,"164":14,"165":14,"166":1,"167":1,"168":14,"169":14,"170":14,"171":14,"172":14,"173":14,"174":14,"175":14,"176":14,"177":14,"178":14,"179":14,"180":14,"181":14,"182":14,"183":14,"184":14,"185":14,"186":14,"187":14,"188":14,"189":14,"190":14,"191":13,"192":13,"193":13,"194":13,"195":13,"196":13,"197":13,"198":13,"199":13,"200":1,"201":1,"202":1,"203":1,"204":1,"205":13,"206":13,"207":13,"208":13,"209":13,"210":1,"211":1,"212":14,"213":1,"214":1,"215":14,"216":1,"217":1,"218":14,"219":13,"220":13,"221":14,"222":13,"223":14,"224":26,"225":10,"226":10,"227":26,"228":3,"229":3,"230":3,"231":3,"232":3,"233":14,"234":6,"235":6,"236":6,"237":6,"238":6,"239":6,"240":6,"241":6,"242":6,"243":3,"244":14,"245":1,"246":1,"247":1,"248":1,"249":0,"250":0,"251":0,"252":1,"253":1,"254":1,"255":1,"256":1,"257":1,"258":1,"259":1,"260":13,"261":13,"262":13,"263":13,"264":13,"265":13,"266":13,"267":13,"268":13,"269":13,"270":13,"271":1,"272":1,"273":13,"274":13,"275":13,"276":13,"277":13,"278":13,"279":13,"280":13,"281":13,"282":13,"283":13,"284":13,"285":13,"286":13,"287":13,"288":13,"289":13,"290":13,"291":13,"292":13,"293":1,"294":1,"295":13,"296":13,"297":13,"298":13,"299":1,"300":1,"301":0,"302":0,"303":0,"304":0,"305":0,"306":0,"307":0,"308":0,"309":0,"310":1,"311":1,"312":1,"313":1,"314":1,"315":1,"316":1,"317":1},"branchMap":{"0":{"type":"branch","line":37,"loc":{"start":{"line":37,"column":2},"end":{"line":41,"column":3}},"locations":[{"start":{"line":37,"column":2},"end":{"line":41,"column":3}}]},"1":{"type":"branch","line":43,"loc":{"start":{"line":43,"column":2},"end":{"line":45,"column":3}},"locations":[{"start":{"line":43,"column":2},"end":{"line":45,"column":3}}]},"2":{"type":"branch","line":47,"loc":{"start":{"line":47,"column":2},"end":{"line":89,"column":3}},"locations":[{"start":{"line":47,"column":2},"end":{"line":89,"column":3}}]},"3":{"type":"branch","line":51,"loc":{"start":{"line":51,"column":24},"end":{"line":53,"column":7}},"locations":[{"start":{"line":51,"column":24},"end":{"line":53,"column":7}}]},"4":{"type":"branch","line":53,"loc":{"start":{"line":53,"column":6},"end":{"line":60,"column":88}},"locations":[{"start":{"line":53,"column":6},"end":{"line":60,"column":88}}]},"5":{"type":"branch","line":62,"loc":{"start":{"line":62,"column":38},"end":{"line":64,"column":7}},"locations":[{"start":{"line":62,"column":38},"end":{"line":64,"column":7}}]},"6":{"type":"branch","line":64,"loc":{"start":{"line":64,"column":6},"end":{"line":67,"column":28}},"locations":[{"start":{"line":64,"column":6},"end":{"line":67,"column":28}}]},"7":{"type":"branch","line":67,"loc":{"start":{"line":67,"column":21},"end":{"line":67,"column":28}},"locations":[{"start":{"line":67,"column":21},"end":{"line":67,"column":28}}]},"8":{"type":"branch","line":67,"loc":{"start":{"line":67,"column":21},"end":{"line":85,"column":13}},"locations":[{"start":{"line":67,"column":21},"end":{"line":85,"column":13}}]},"9":{"type":"branch","line":85,"loc":{"start":{"line":85,"column":4},"end":{"line":88,"column":5}},"locations":[{"start":{"line":85,"column":4},"end":{"line":88,"column":5}}]},"10":{"type":"branch","line":91,"loc":{"start":{"line":91,"column":10},"end":{"line":119,"column":3}},"locations":[{"start":{"line":91,"column":10},"end":{"line":119,"column":3}}]},"11":{"type":"branch","line":98,"loc":{"start":{"line":98,"column":29},"end":{"line":118,"column":5}},"locations":[{"start":{"line":98,"column":29},"end":{"line":118,"column":5}}]},"12":{"type":"branch","line":102,"loc":{"start":{"line":102,"column":23},"end":{"line":107,"column":8}},"locations":[{"start":{"line":102,"column":23},"end":{"line":107,"column":8}}]},"13":{"type":"branch","line":103,"loc":{"start":{"line":103,"column":12},"end":{"line":103,"column":55}},"locations":[{"start":{"line":103,"column":12},"end":{"line":103,"column":55}}]},"14":{"type":"branch","line":103,"loc":{"start":{"line":103,"column":41},"end":{"line":103,"column":82}},"locations":[{"start":{"line":103,"column":41},"end":{"line":103,"column":82}}]},"15":{"type":"branch","line":103,"loc":{"start":{"line":103,"column":68},"end":{"line":103,"column":104}},"locations":[{"start":{"line":103,"column":68},"end":{"line":103,"column":104}}]},"16":{"type":"branch","line":103,"loc":{"start":{"line":103,"column":104},"end":{"line":105,"column":9}},"locations":[{"start":{"line":103,"column":104},"end":{"line":105,"column":9}}]},"17":{"type":"branch","line":107,"loc":{"start":{"line":107,"column":6},"end":{"line":116,"column":7}},"locations":[{"start":{"line":107,"column":6},"end":{"line":116,"column":7}}]},"18":{"type":"branch","line":109,"loc":{"start":{"line":109,"column":37},"end":{"line":116,"column":7}},"locations":[{"start":{"line":109,"column":37},"end":{"line":116,"column":7}}]},"19":{"type":"branch","line":110,"loc":{"start":{"line":110,"column":51},"end":{"line":110,"column":97}},"locations":[{"start":{"line":110,"column":51},"end":{"line":110,"column":97}}]},"20":{"type":"branch","line":121,"loc":{"start":{"line":121,"column":10},"end":{"line":128,"column":3}},"locations":[{"start":{"line":121,"column":10},"end":{"line":128,"column":3}}]},"21":{"type":"branch","line":123,"loc":{"start":{"line":123,"column":41},"end":{"line":123,"column":49}},"locations":[{"start":{"line":123,"column":41},"end":{"line":123,"column":49}}]},"22":{"type":"branch","line":124,"loc":{"start":{"line":124,"column":39},"end":{"line":124,"column":49}},"locations":[{"start":{"line":124,"column":39},"end":{"line":124,"column":49}}]},"23":{"type":"branch","line":125,"loc":{"start":{"line":125,"column":37},"end":{"line":125,"column":47}},"locations":[{"start":{"line":125,"column":37},"end":{"line":125,"column":47}}]},"24":{"type":"branch","line":130,"loc":{"start":{"line":130,"column":10},"end":{"line":140,"column":3}},"locations":[{"start":{"line":130,"column":10},"end":{"line":140,"column":3}}]},"25":{"type":"branch","line":133,"loc":{"start":{"line":133,"column":38},"end":{"line":133,"column":45}},"locations":[{"start":{"line":133,"column":38},"end":{"line":133,"column":45}}]},"26":{"type":"branch","line":133,"loc":{"start":{"line":133,"column":38},"end":{"line":136,"column":62}},"locations":[{"start":{"line":133,"column":38},"end":{"line":136,"column":62}}]},"27":{"type":"branch","line":136,"loc":{"start":{"line":136,"column":55},"end":{"line":136,"column":62}},"locations":[{"start":{"line":136,"column":55},"end":{"line":136,"column":62}}]},"28":{"type":"branch","line":136,"loc":{"start":{"line":136,"column":55},"end":{"line":139,"column":71}},"locations":[{"start":{"line":136,"column":55},"end":{"line":139,"column":71}}]},"29":{"type":"branch","line":142,"loc":{"start":{"line":142,"column":10},"end":{"line":148,"column":3}},"locations":[{"start":{"line":142,"column":10},"end":{"line":148,"column":3}}]},"30":{"type":"branch","line":150,"loc":{"start":{"line":150,"column":10},"end":{"line":166,"column":3}},"locations":[{"start":{"line":150,"column":10},"end":{"line":166,"column":3}}]},"31":{"type":"branch","line":152,"loc":{"start":{"line":152,"column":38},"end":{"line":152,"column":45}},"locations":[{"start":{"line":152,"column":38},"end":{"line":152,"column":45}}]},"32":{"type":"branch","line":155,"loc":{"start":{"line":155,"column":55},"end":{"line":155,"column":62}},"locations":[{"start":{"line":155,"column":55},"end":{"line":155,"column":62}}]},"33":{"type":"branch","line":164,"loc":{"start":{"line":164,"column":46},"end":{"line":164,"column":73}},"locations":[{"start":{"line":164,"column":46},"end":{"line":164,"column":73}}]},"34":{"type":"branch","line":168,"loc":{"start":{"line":168,"column":10},"end":{"line":216,"column":3}},"locations":[{"start":{"line":168,"column":10},"end":{"line":216,"column":3}}]},"35":{"type":"branch","line":173,"loc":{"start":{"line":173,"column":30},"end":{"line":173,"column":37}},"locations":[{"start":{"line":173,"column":30},"end":{"line":173,"column":37}}]},"36":{"type":"branch","line":177,"loc":{"start":{"line":177,"column":38},"end":{"line":177,"column":45}},"locations":[{"start":{"line":177,"column":38},"end":{"line":177,"column":45}}]},"37":{"type":"branch","line":180,"loc":{"start":{"line":180,"column":55},"end":{"line":180,"column":62}},"locations":[{"start":{"line":180,"column":55},"end":{"line":180,"column":62}}]},"38":{"type":"branch","line":191,"loc":{"start":{"line":191,"column":20},"end":{"line":213,"column":11}},"locations":[{"start":{"line":191,"column":20},"end":{"line":213,"column":11}}]},"39":{"type":"branch","line":200,"loc":{"start":{"line":200,"column":39},"end":{"line":205,"column":7}},"locations":[{"start":{"line":200,"column":39},"end":{"line":205,"column":7}}]},"40":{"type":"branch","line":210,"loc":{"start":{"line":210,"column":32},"end":{"line":212,"column":7}},"locations":[{"start":{"line":210,"column":32},"end":{"line":212,"column":7}}]},"41":{"type":"branch","line":213,"loc":{"start":{"line":213,"column":4},"end":{"line":215,"column":5}},"locations":[{"start":{"line":213,"column":4},"end":{"line":215,"column":5}}]},"42":{"type":"branch","line":218,"loc":{"start":{"line":218,"column":10},"end":{"line":245,"column":3}},"locations":[{"start":{"line":218,"column":10},"end":{"line":245,"column":3}}]},"43":{"type":"branch","line":219,"loc":{"start":{"line":219,"column":27},"end":{"line":219,"column":39}},"locations":[{"start":{"line":219,"column":27},"end":{"line":219,"column":39}}]},"44":{"type":"branch","line":219,"loc":{"start":{"line":219,"column":34},"end":{"line":222,"column":26}},"locations":[{"start":{"line":219,"column":34},"end":{"line":222,"column":26}}]},"45":{"type":"branch","line":222,"loc":{"start":{"line":222,"column":19},"end":{"line":222,"column":31}},"locations":[{"start":{"line":222,"column":19},"end":{"line":222,"column":31}}]},"46":{"type":"branch","line":222,"loc":{"start":{"line":222,"column":26},"end":{"line":224,"column":33}},"locations":[{"start":{"line":222,"column":26},"end":{"line":224,"column":33}}]},"47":{"type":"branch","line":224,"loc":{"start":{"line":224,"column":33},"end":{"line":228,"column":5}},"locations":[{"start":{"line":224,"column":33},"end":{"line":228,"column":5}}]},"48":{"type":"branch","line":225,"loc":{"start":{"line":225,"column":55},"end":{"line":227,"column":7}},"locations":[{"start":{"line":225,"column":55},"end":{"line":227,"column":7}}]},"49":{"type":"branch","line":228,"loc":{"start":{"line":228,"column":4},"end":{"line":234,"column":47}},"locations":[{"start":{"line":228,"column":4},"end":{"line":234,"column":47}}]},"50":{"type":"branch","line":234,"loc":{"start":{"line":234,"column":47},"end":{"line":243,"column":5}},"locations":[{"start":{"line":234,"column":47},"end":{"line":243,"column":5}}]},"51":{"type":"branch","line":243,"loc":{"start":{"line":243,"column":4},"end":{"line":244,"column":22}},"locations":[{"start":{"line":243,"column":4},"end":{"line":244,"column":22}}]},"52":{"type":"branch","line":247,"loc":{"start":{"line":247,"column":10},"end":{"line":258,"column":3}},"locations":[{"start":{"line":247,"column":10},"end":{"line":258,"column":3}}]},"53":{"type":"branch","line":249,"loc":{"start":{"line":249,"column":34},"end":{"line":252,"column":5}},"locations":[{"start":{"line":249,"column":34},"end":{"line":252,"column":5}}]},"54":{"type":"branch","line":260,"loc":{"start":{"line":260,"column":10},"end":{"line":271,"column":3}},"locations":[{"start":{"line":260,"column":10},"end":{"line":271,"column":3}}]},"55":{"type":"branch","line":263,"loc":{"start":{"line":263,"column":24},"end":{"line":263,"column":33}},"locations":[{"start":{"line":263,"column":24},"end":{"line":263,"column":33}}]},"56":{"type":"branch","line":263,"loc":{"start":{"line":263,"column":39},"end":{"line":263,"column":48}},"locations":[{"start":{"line":263,"column":39},"end":{"line":263,"column":48}}]},"57":{"type":"branch","line":263,"loc":{"start":{"line":263,"column":63},"end":{"line":263,"column":84}},"locations":[{"start":{"line":263,"column":63},"end":{"line":263,"column":84}}]},"58":{"type":"branch","line":266,"loc":{"start":{"line":266,"column":15},"end":{"line":266,"column":22}},"locations":[{"start":{"line":266,"column":15},"end":{"line":266,"column":22}}]},"59":{"type":"branch","line":268,"loc":{"start":{"line":268,"column":15},"end":{"line":268,"column":24}},"locations":[{"start":{"line":268,"column":15},"end":{"line":268,"column":24}}]},"60":{"type":"branch","line":269,"loc":{"start":{"line":269,"column":15},"end":{"line":269,"column":22}},"locations":[{"start":{"line":269,"column":15},"end":{"line":269,"column":22}}]},"61":{"type":"branch","line":273,"loc":{"start":{"line":273,"column":10},"end":{"line":293,"column":3}},"locations":[{"start":{"line":273,"column":10},"end":{"line":293,"column":3}}]},"62":{"type":"branch","line":274,"loc":{"start":{"line":274,"column":31},"end":{"line":274,"column":38}},"locations":[{"start":{"line":274,"column":31},"end":{"line":274,"column":38}}]},"63":{"type":"branch","line":295,"loc":{"start":{"line":295,"column":10},"end":{"line":299,"column":3}},"locations":[{"start":{"line":295,"column":10},"end":{"line":299,"column":3}}]},"64":{"type":"branch","line":313,"loc":{"start":{"line":313,"column":2},"end":{"line":317,"column":3}},"locations":[{"start":{"line":313,"column":2},"end":{"line":317,"column":3}}]}},"b":{"0":[12],"1":[12],"2":[12],"3":[1],"4":[11],"5":[1],"6":[11],"7":[0],"8":[11],"9":[1],"10":[11],"11":[100],"12":[40],"13":[30],"14":[30],"15":[30],"16":[30],"17":[60],"18":[30],"19":[60],"20":[60],"21":[0],"22":[0],"23":[0],"24":[11],"25":[1],"26":[10],"27":[0],"28":[10],"29":[38],"30":[14],"31":[0],"32":[0],"33":[14],"34":[14],"35":[0],"36":[0],"37":[0],"38":[13],"39":[1],"40":[1],"41":[1],"42":[14],"43":[1],"44":[13],"45":[0],"46":[13],"47":[26],"48":[10],"49":[3],"50":[6],"51":[3],"52":[1],"53":[0],"54":[13],"55":[12],"56":[12],"57":[1],"58":[4],"59":[0],"60":[0],"61":[13],"62":[0],"63":[13],"64":[1]},"fnMap":{"0":{"name":"VideojsVttSnapshot","decl":{"start":{"line":37,"column":2},"end":{"line":41,"column":3}},"loc":{"start":{"line":37,"column":2},"end":{"line":41,"column":3}},"line":37},"1":{"name":"ready","decl":{"start":{"line":43,"column":2},"end":{"line":45,"column":3}},"loc":{"start":{"line":43,"column":2},"end":{"line":45,"column":3}},"line":43},"2":{"name":"initialize","decl":{"start":{"line":47,"column":2},"end":{"line":89,"column":3}},"loc":{"start":{"line":47,"column":2},"end":{"line":89,"column":3}},"line":47},"3":{"name":"parseVTT","decl":{"start":{"line":91,"column":10},"end":{"line":119,"column":3}},"loc":{"start":{"line":91,"column":10},"end":{"line":119,"column":3}},"line":91},"4":{"name":"parseTimestamp","decl":{"start":{"line":121,"column":10},"end":{"line":128,"column":3}},"loc":{"start":{"line":121,"column":10},"end":{"line":128,"column":3}},"line":121},"5":{"name":"initializeEventListeners","decl":{"start":{"line":130,"column":10},"end":{"line":140,"column":3}},"loc":{"start":{"line":130,"column":10},"end":{"line":140,"column":3}},"line":130},"6":{"name":"isValidProgressControl","decl":{"start":{"line":142,"column":10},"end":{"line":148,"column":3}},"loc":{"start":{"line":142,"column":10},"end":{"line":148,"column":3}},"line":142},"7":{"name":"handleMouseMove","decl":{"start":{"line":150,"column":10},"end":{"line":166,"column":3}},"loc":{"start":{"line":150,"column":10},"end":{"line":166,"column":3}},"line":150},"8":{"name":"updateSnapshot","decl":{"start":{"line":168,"column":10},"end":{"line":216,"column":3}},"loc":{"start":{"line":168,"column":10},"end":{"line":216,"column":3}},"line":168},"9":{"name":"findClosestCue","decl":{"start":{"line":218,"column":10},"end":{"line":245,"column":3}},"loc":{"start":{"line":218,"column":10},"end":{"line":245,"column":3}},"line":218},"10":{"name":"handleMouseLeave","decl":{"start":{"line":247,"column":10},"end":{"line":258,"column":3}},"loc":{"start":{"line":247,"column":10},"end":{"line":258,"column":3}},"line":247},"11":{"name":"parseVttCue","decl":{"start":{"line":260,"column":10},"end":{"line":271,"column":3}},"loc":{"start":{"line":260,"column":10},"end":{"line":271,"column":3}},"line":260},"12":{"name":"showSnapshot","decl":{"start":{"line":273,"column":10},"end":{"line":293,"column":3}},"loc":{"start":{"line":273,"column":10},"end":{"line":293,"column":3}},"line":273},"13":{"name":"hideSnapshot","decl":{"start":{"line":295,"column":10},"end":{"line":299,"column":3}},"loc":{"start":{"line":295,"column":10},"end":{"line":299,"column":3}},"line":295},"14":{"name":"formatTime","decl":{"start":{"line":301,"column":10},"end":{"line":310,"column":3}},"loc":{"start":{"line":301,"column":10},"end":{"line":310,"column":3}},"line":301},"15":{"name":"dispose","decl":{"start":{"line":313,"column":2},"end":{"line":317,"column":3}},"loc":{"start":{"line":313,"column":2},"end":{"line":317,"column":3}},"line":313}},"f":{"0":12,"1":12,"2":12,"3":11,"4":60,"5":11,"6":38,"7":14,"8":14,"9":14,"10":1,"11":13,"12":13,"13":13,"14":0,"15":1}}
}
